<?xml version="1.0" encoding="UTF-8"?>
<testng-results ignored="0" total="1" passed="1" failed="0" skipped="0">
  <reporter-output>
  </reporter-output>
  <suite started-at="2025-11-19T13:33:58 EST" name="Surefire suite" finished-at="2025-11-19T13:34:05 EST" duration-ms="6954">
    <groups>
    </groups>
    <test started-at="2025-11-19T13:33:58 EST" name="Surefire test" finished-at="2025-11-19T13:34:05 EST" duration-ms="6954">
      <class name="tests.LoginTest">
        <test-method is-config="true" signature="setup()[pri:0, instance:tests.LoginTest@55040f2f]" started-at="2025-11-19T13:33:58 EST" name="setup" finished-at="2025-11-19T13:34:03 EST" duration-ms="4923" status="PASS">
          <reporter-output>
          </reporter-output>
        </test-method> <!-- setup -->
        <test-method signature="testValidLogin()[pri:0, instance:tests.LoginTest@55040f2f]" started-at="2025-11-19T13:34:03 EST" name="testValidLogin" finished-at="2025-11-19T13:34:05 EST" duration-ms="1922" status="PASS">
          <reporter-output>
          </reporter-output>
        </test-method> <!-- testValidLogin -->
        <test-method is-config="true" signature="tearDown()[pri:0, instance:tests.LoginTest@55040f2f]" started-at="2025-11-19T13:34:05 EST" name="tearDown" finished-at="2025-11-19T13:34:05 EST" duration-ms="91" status="PASS">
          <reporter-output>
          </reporter-output>
        </test-method> <!-- tearDown -->
      </class> <!-- tests.LoginTest -->
    </test> <!-- Surefire test -->
  </suite> <!-- Surefire suite -->
</testng-results>
