<?xml version="1.0" encoding="UTF-8"?>
<testsuite xmlns:xsi="http://www.w3.org/2001/XMLSchema-instance" xsi:noNamespaceSchemaLocation="https://maven.apache.org/surefire/maven-surefire-plugin/xsd/surefire-test-report-3.0.xsd" version="3.0" name="tests.LoginTest" time="7.18" tests="1" errors="0" skipped="0" failures="0">
  <properties>
[...]
</properties>
  <testcase name="testValidLogin" classname="tests.LoginTest" time="1.925">
    <system-out><![CDATA[2025-11-19 13:33:58 [main] INFO  Log - Starting Webdrider
2025-11-19 13:34:02 [main] INFO  Log - Navigating to URL...
2025-11-19 13:34:03 [main] INFO  Log - Testing Validating credentials
Page Title : Just a moment...
]]></system-out>
    <system-err><![CDATA[SLF4J(W): No SLF4J providers were found.
SLF4J(W): Defaulting to no-operation (NOP) logger implementation
SLF4J(W): See https://www.slf4j.org/codes.html#noProviders for further details.
2025-11-19T18:33:58.342585Z main INFO Starting configuration XmlConfiguration[location=/Users/srideviponnusamy/Documents/SriEclipse-Workspace/SeleniumFrameworkNov2025/target/classes/log4j2.xml, lastModified=2025-11-19T18:33:57.003Z]...
2025-11-19T18:33:58.343432Z main INFO Configuration XmlConfiguration[location=/Users/srideviponnusamy/Documents/SriEclipse-Workspace/SeleniumFrameworkNov2025/target/classes/log4j2.xml, lastModified=2025-11-19T18:33:57.003Z] started.
2025-11-19T18:33:58.344519Z main INFO Stopping configuration org.apache.logging.log4j.core.config.DefaultConfiguration@58cbafc2...
2025-11-19T18:33:58.344710Z main INFO Configuration org.apache.logging.log4j.core.config.DefaultConfiguration@58cbafc2 stopped.
Nov 19, 2025 1:34:01 PM org.openqa.selenium.devtools.CdpVersionFinder findNearestMatch
WARNING: Unable to find an exact match for CDP version 142, returning the closest version; found: 138; Please update to a Selenium version that supports CDP version 142
]]></system-err>
  </testcase>
</testsuite>